::1 - - [09/Feb/2018:15:06:05 +0800] "POST /wordpress/wp-cron.php?doing_wp_cron=1518159965.4738299846649169921875 HTTP/1.1" 200 -
::1 - - [09/Feb/2018:15:06:02 +0800] "GET /wordpress/wp-admin/ HTTP/1.1" 302 -
::1 - - [09/Feb/2018:15:05:58 +0800] "GET /wordpress/wp-admin/ HTTP/1.1" 302 -
::1 - - [09/Feb/2018:15:06:08 +0800] "GET /wordpress/wp-login.php?redirect_to=http%3A%2F%2Flocalhost%2Fwordpress%2Fwp-admin%2F&reauth=1 HTTP/1.1" 200 2814
::1 - - [09/Feb/2018:15:06:25 +0800] "POST /wordpress/wp-login.php HTTP/1.1" 302 -
::1 - - [09/Feb/2018:15:06:25 +0800] "GET /wordpress/wp-admin/ HTTP/1.1" 200 43885
::1 - - [09/Feb/2018:15:06:29 +0800] "POST /wordpress/wp-admin/admin-ajax.php HTTP/1.1" 200 60
::1 - - [09/Feb/2018:15:06:34 +0800] "GET /wordpress/ HTTP/1.1" 200 64199
::1 - - [09/Feb/2018:15:06:34 +0800] "GET /wordpress/wp-content/uploads/2018/02/cropped-balloon3.jpg HTTP/1.1" 304 -
::1 - - [09/Feb/2018:15:06:35 +0800] "GET /wordpress/wp-content/uploads/2018/02/scarf-225x300.jpg HTTP/1.1" 304 -
::1 - - [09/Feb/2018:15:06:05 +0800] "POST /wordpress/wp-cron.php?doing_wp_cron=1518159965.4738368988037109375000 HTTP/1.1" 200 205
::1 - - [09/Feb/2018:15:06:44 +0800] "GET /wordpress/wp-admin/js/editor.min.js?ver=4.9.2 HTTP/1.1" 304 -
::1 - - [09/Feb/2018:15:06:44 +0800] "GET /wordpress/wp-admin/js/widgets/custom-html-widgets.min.js?ver=4.9.2 HTTP/1.1" 304 -
::1 - - [09/Feb/2018:15:06:41 +0800] "GET /wordpress/wp-admin/customize.php?url=http%3A%2F%2Flocalhost%2Fwordpress%2F HTTP/1.1" 200 342716
::1 - - [09/Feb/2018:15:06:46 +0800] "GET /wordpress/wp-content/uploads/2018/02/cropped-logo-1.jpg HTTP/1.1" 304 -
::1 - - [09/Feb/2018:15:06:46 +0800] "GET /wordpress/?customize_changeset_uuid=df74a0dc-9246-41bb-abd4-bbcb1572f8b8&customize_theme=twentyseventeen&customize_messenger_channel=preview-0 HTTP/1.1" 200 111761
::1 - - [09/Feb/2018:15:06:47 +0800] "POST /wordpress/?customize_changeset_uuid=df74a0dc-9246-41bb-abd4-bbcb1572f8b8&customize_preview_nonce=f4d6147243 HTTP/1.1" 200 1881
::1 - - [09/Feb/2018:15:06:29 +0800] "GET /wordpress/wp-admin/admin-ajax.php?action=dashboard-widgets&widget=dashboard_primary&pagenow=dashboard HTTP/1.1" 200 772
::1 - - [09/Feb/2018:15:06:56 +0800] "POST /wordpress/wp-admin/admin-ajax.php HTTP/1.1" 200 46
::1 - - [09/Feb/2018:15:06:56 +0800] "POST /wordpress/?customize_changeset_uuid=df74a0dc-9246-41bb-abd4-bbcb1572f8b8&customize_autosaved=on&customize_preview_nonce=f4d6147243 HTTP/1.1" 200 134
::1 - - [09/Feb/2018:15:06:58 +0800] "POST /wordpress/?customize_changeset_uuid=df74a0dc-9246-41bb-abd4-bbcb1572f8b8&customize_autosaved=on&customize_preview_nonce=f4d6147243 HTTP/1.1" 200 133
::1 - - [09/Feb/2018:15:06:59 +0800] "POST /wordpress/?customize_changeset_uuid=df74a0dc-9246-41bb-abd4-bbcb1572f8b8&customize_autosaved=on&customize_preview_nonce=f4d6147243 HTTP/1.1" 200 136
::1 - - [09/Feb/2018:15:07:00 +0800] "POST /wordpress/?customize_changeset_uuid=df74a0dc-9246-41bb-abd4-bbcb1572f8b8&customize_autosaved=on&customize_preview_nonce=f4d6147243 HTTP/1.1" 200 139
::1 - - [09/Feb/2018:15:07:01 +0800] "POST /wordpress/?customize_changeset_uuid=df74a0dc-9246-41bb-abd4-bbcb1572f8b8&customize_autosaved=on&customize_preview_nonce=f4d6147243 HTTP/1.1" 200 143
::1 - - [09/Feb/2018:15:07:02 +0800] "POST /wordpress/?customize_changeset_uuid=df74a0dc-9246-41bb-abd4-bbcb1572f8b8&customize_autosaved=on&customize_preview_nonce=f4d6147243 HTTP/1.1" 200 140
::1 - - [09/Feb/2018:15:07:03 +0800] "POST /wordpress/?customize_changeset_uuid=df74a0dc-9246-41bb-abd4-bbcb1572f8b8&customize_autosaved=on&customize_preview_nonce=f4d6147243 HTTP/1.1" 200 144
::1 - - [09/Feb/2018:15:07:03 +0800] "POST /wordpress/?customize_changeset_uuid=df74a0dc-9246-41bb-abd4-bbcb1572f8b8&customize_autosaved=on&customize_preview_nonce=f4d6147243 HTTP/1.1" 200 145
::1 - - [09/Feb/2018:15:07:05 +0800] "POST /wordpress/?customize_changeset_uuid=df74a0dc-9246-41bb-abd4-bbcb1572f8b8&customize_autosaved=on&customize_preview_nonce=f4d6147243 HTTP/1.1" 200 151
::1 - - [09/Feb/2018:15:07:12 +0800] "POST /wordpress/wp-admin/admin-ajax.php HTTP/1.1" 200 154
::1 - - [09/Feb/2018:15:07:20 +0800] "POST /wordpress/wp-admin/admin-ajax.php HTTP/1.1" 404 50
::1 - - [09/Feb/2018:15:07:20 +0800] "GET /wordpress/ HTTP/1.1" 200 64181
::1 - - [09/Feb/2018:15:07:27 +0800] "GET /wordpress/wp-admin/customize.php?url=http%3A%2F%2Flocalhost%2Fwordpress%2F HTTP/1.1" 200 342667
::1 - - [09/Feb/2018:15:07:28 +0800] "GET /wordpress/?customize_changeset_uuid=1af08268-928a-4458-8884-a0fa50359744&customize_theme=twentyseventeen&customize_messenger_channel=preview-0 HTTP/1.1" 200 111743
::1 - - [09/Feb/2018:15:07:29 +0800] "POST /wordpress/?customize_changeset_uuid=1af08268-928a-4458-8884-a0fa50359744&customize_preview_nonce=f4d6147243 HTTP/1.1" 200 1881
::1 - - [09/Feb/2018:15:07:20 +0800] "POST /wordpress/wp-cron.php?doing_wp_cron=1518160040.7786400318145751953125 HTTP/1.1" 200 -
::1 - - [09/Feb/2018:15:08:06 +0800] "POST /wordpress/wp-admin/admin-ajax.php HTTP/1.1" 200 876
::1 - - [09/Feb/2018:15:08:07 +0800] "POST /wordpress/?customize_changeset_uuid=1af08268-928a-4458-8884-a0fa50359744&customize_autosaved=on&customize_preview_nonce=f4d6147243 HTTP/1.1" 200 568
::1 - - [09/Feb/2018:15:08:08 +0800] "POST /wordpress/wp-admin/admin-ajax.php HTTP/1.1" 200 875
::1 - - [09/Feb/2018:15:08:08 +0800] "POST /wordpress/?customize_changeset_uuid=1af08268-928a-4458-8884-a0fa50359744&customize_autosaved=on&customize_preview_nonce=f4d6147243 HTTP/1.1" 200 567
::1 - - [09/Feb/2018:15:08:12 +0800] "POST /wordpress/wp-admin/admin-ajax.php HTTP/1.1" 200 889
::1 - - [09/Feb/2018:15:08:13 +0800] "POST /wordpress/?customize_changeset_uuid=1af08268-928a-4458-8884-a0fa50359744&customize_autosaved=on&customize_preview_nonce=f4d6147243 HTTP/1.1" 200 573
::1 - - [09/Feb/2018:15:08:14 +0800] "POST /wordpress/wp-admin/admin-ajax.php HTTP/1.1" 200 902
::1 - - [09/Feb/2018:15:08:14 +0800] "POST /wordpress/?customize_changeset_uuid=1af08268-928a-4458-8884-a0fa50359744&customize_autosaved=on&customize_preview_nonce=f4d6147243 HTTP/1.1" 200 578
::1 - - [09/Feb/2018:15:08:15 +0800] "POST /wordpress/wp-admin/admin-ajax.php HTTP/1.1" 200 915
::1 - - [09/Feb/2018:15:08:15 +0800] "POST /wordpress/?customize_changeset_uuid=1af08268-928a-4458-8884-a0fa50359744&customize_autosaved=on&customize_preview_nonce=f4d6147243 HTTP/1.1" 200 583
::1 - - [09/Feb/2018:15:08:25 +0800] "POST /wordpress/wp-admin/admin-ajax.php HTTP/1.1" 200 160
::1 - - [09/Feb/2018:15:08:28 +0800] "POST /wordpress/wp-admin/admin-ajax.php HTTP/1.1" 200 47
::1 - - [09/Feb/2018:15:08:47 +0800] "POST /wordpress/wp-admin/admin-ajax.php HTTP/1.1" 200 834
::1 - - [09/Feb/2018:15:08:48 +0800] "POST /wordpress/?customize_changeset_uuid=a7471833-69af-4b27-a01f-deef8d8f280f&customize_autosaved=on&customize_preview_nonce=f4d6147243 HTTP/1.1" 200 566
::1 - - [09/Feb/2018:15:09:00 +0800] "POST /wordpress/?customize_changeset_uuid=a7471833-69af-4b27-a01f-deef8d8f280f&customize_autosaved=on&customize_preview_nonce=f4d6147243 HTTP/1.1" 200 1979
::1 - - [09/Feb/2018:15:09:07 +0800] "POST /wordpress/wp-admin/admin-ajax.php HTTP/1.1" 200 180
::1 - - [09/Feb/2018:15:09:12 +0800] "POST /wordpress/wp-admin/admin-ajax.php HTTP/1.1" 200 221
::1 - - [09/Feb/2018:15:09:28 +0800] "POST /wordpress/wp-admin/admin-ajax.php HTTP/1.1" 200 47
::1 - - [09/Feb/2018:15:09:50 +0800] "POST /wordpress/?customize_changeset_uuid=bf15c91d-1eae-407b-99c5-9b188ace6d4f&customize_theme=twentyseventeen&customize_messenger_channel=preview-1&customize_autosaved=on HTTP/1.1" 200 112905
::1 - - [09/Feb/2018:15:09:50 +0800] "GET /wordpress/wp-content/uploads/2018/02/ballon2-300x300.jpg HTTP/1.1" 304 -
::1 - - [09/Feb/2018:15:09:51 +0800] "POST /wordpress/?customize_autosaved=on&customize_changeset_uuid=bf15c91d-1eae-407b-99c5-9b188ace6d4f&customize_preview_nonce=f4d6147243 HTTP/1.1" 200 1920
::1 - - [09/Feb/2018:15:09:56 +0800] "POST /wordpress/?page_id=34&customize_changeset_uuid=bf15c91d-1eae-407b-99c5-9b188ace6d4f&customize_theme=twentyseventeen&customize_messenger_channel=preview-2&customize_autosaved=on HTTP/1.1" 200 114505
::1 - - [09/Feb/2018:15:09:57 +0800] "POST /wordpress/?page_id=34&customize_autosaved=on&customize_changeset_uuid=bf15c91d-1eae-407b-99c5-9b188ace6d4f&customize_preview_nonce=f4d6147243 HTTP/1.1" 200 1942
::1 - - [09/Feb/2018:15:10:07 +0800] "POST /wordpress/wp-admin/admin-ajax.php HTTP/1.1" 200 159
::1 - - [09/Feb/2018:15:10:12 +0800] "POST /wordpress/wp-admin/admin-ajax.php HTTP/1.1" 200 200
::1 - - [09/Feb/2018:15:10:28 +0800] "POST /wordpress/wp-admin/admin-ajax.php HTTP/1.1" 200 47
::1 - - [09/Feb/2018:15:10:39 +0800] "POST /wordpress/wp-admin/admin-ajax.php HTTP/1.1" 404 50
::1 - - [09/Feb/2018:15:10:39 +0800] "GET /wordpress/ HTTP/1.1" 200 65252
::1 - - [09/Feb/2018:15:10:55 +0800] "GET /wordpress/wp-admin/post.php?post=78&action=edit HTTP/1.1" 200 116476
::1 - - [09/Feb/2018:15:11:06 +0800] "GET /wordpress/wp-admin/edit.php HTTP/1.1" 200 51223
::1 - - [09/Feb/2018:15:11:06 +0800] "POST /wordpress/wp-admin/admin-ajax.php HTTP/1.1" 200 1
::1 - - [09/Feb/2018:15:11:07 +0800] "POST /wordpress/wp-admin/admin-ajax.php HTTP/1.1" 200 47
::1 - - [09/Feb/2018:15:11:20 +0800] "GET /wordpress/wp-admin/edit.php?post_type=page HTTP/1.1" 200 46151
::1 - - [09/Feb/2018:15:11:20 +0800] "POST /wordpress/wp-admin/admin-ajax.php HTTP/1.1" 200 47
::1 - - [09/Feb/2018:15:11:34 +0800] "GET /wordpress/wp-admin/post-new.php?post_type=page HTTP/1.1" 200 114016
::1 - - [09/Feb/2018:15:11:41 +0800] "GET /wordpress/ HTTP/1.1" 200 65252
::1 - - [09/Feb/2018:15:11:51 +0800] "GET /wordpress/wp-admin/ HTTP/1.1" 200 44662
::1 - - [09/Feb/2018:15:11:53 +0800] "GET /wordpress/wp-admin/about.php HTTP/1.1" 200 35046
::1 - - [09/Feb/2018:15:11:54 +0800] "GET /wordpress/ HTTP/1.1" 200 65252
::1 - - [09/Feb/2018:15:11:56 +0800] "GET /wordpress/wp-admin/customize.php?url=http%3A%2F%2Flocalhost%2Fwordpress%2F HTTP/1.1" 200 345101
::1 - - [09/Feb/2018:15:11:57 +0800] "GET /wordpress/?customize_changeset_uuid=276ffd80-4f0d-4b66-b97c-eccc1f6475a0&customize_theme=twentyseventeen&customize_messenger_channel=preview-0 HTTP/1.1" 200 112817
::1 - - [09/Feb/2018:15:11:58 +0800] "POST /wordpress/?customize_changeset_uuid=276ffd80-4f0d-4b66-b97c-eccc1f6475a0&customize_preview_nonce=f4d6147243 HTTP/1.1" 200 1881
::1 - - [09/Feb/2018:15:12:19 +0800] "POST /wordpress/?customize_changeset_uuid=276ffd80-4f0d-4b66-b97c-eccc1f6475a0&customize_theme=twentyseventeen&customize_messenger_channel=preview-1&customize_autosaved=on HTTP/1.1" 200 115540
::1 - - [09/Feb/2018:15:12:20 +0800] "POST /wordpress/?customize_autosaved=on&customize_changeset_uuid=276ffd80-4f0d-4b66-b97c-eccc1f6475a0&customize_preview_nonce=f4d6147243 HTTP/1.1" 200 1901
::1 - - [09/Feb/2018:15:12:30 +0800] "POST /wordpress/wp-admin/admin-ajax.php HTTP/1.1" 200 159
::1 - - [09/Feb/2018:15:12:57 +0800] "POST /wordpress/wp-admin/admin-ajax.php HTTP/1.1" 200 47
::1 - - [09/Feb/2018:15:13:57 +0800] "POST /wordpress/wp-admin/admin-ajax.php HTTP/1.1" 200 47
::1 - - [09/Feb/2018:15:14:57 +0800] "POST /wordpress/wp-admin/admin-ajax.php HTTP/1.1" 200 47
::1 - - [09/Feb/2018:15:15:19 +0800] "POST /wordpress/wp-admin/admin-ajax.php HTTP/1.1" 200 167
::1 - - [09/Feb/2018:15:15:57 +0800] "POST /wordpress/wp-admin/admin-ajax.php HTTP/1.1" 200 47
::1 - - [09/Feb/2018:15:16:10 +0800] "POST /wordpress/wp-admin/admin-ajax.php HTTP/1.1" 200 1013
::1 - - [09/Feb/2018:15:16:10 +0800] "POST /wordpress/?customize_autosaved=on&customize_changeset_uuid=c7daaec0-0482-4dee-830c-ee3bc2e7bb92&customize_preview_nonce=f4d6147243 HTTP/1.1" 200 725
::1 - - [09/Feb/2018:15:16:19 +0800] "POST /wordpress/wp-admin/admin-ajax.php HTTP/1.1" 200 119
::1 - - [09/Feb/2018:15:16:57 +0800] "POST /wordpress/wp-admin/admin-ajax.php HTTP/1.1" 200 47
::1 - - [09/Feb/2018:15:17:58 +0800] "POST /wordpress/wp-admin/admin-ajax.php HTTP/1.1" 200 47
::1 - - [09/Feb/2018:15:18:19 +0800] "GET /wordpress/2018/02/07/nofilter/?customize_changeset_uuid=c7daaec0-0482-4dee-830c-ee3bc2e7bb92&customize_theme=twentyseventeen&customize_messenger_channel=preview-2&customize_autosaved=on HTTP/1.1" 200 114913
::1 - - [09/Feb/2018:15:18:19 +0800] "POST /wordpress/2018/02/07/nofilter/?customize_autosaved=on&customize_changeset_uuid=c7daaec0-0482-4dee-830c-ee3bc2e7bb92&customize_preview_nonce=f4d6147243 HTTP/1.1" 200 1936
::1 - - [09/Feb/2018:15:18:25 +0800] "POST /wordpress/wp-admin/admin-ajax.php HTTP/1.1" 200 1118
::1 - - [09/Feb/2018:15:18:37 +0800] "POST /wordpress/wp-admin/admin-ajax.php HTTP/1.1" 200 265
::1 - - [09/Feb/2018:15:18:40 +0800] "POST /wordpress/wp-admin/admin-ajax.php HTTP/1.1" 404 50
::1 - - [09/Feb/2018:15:18:40 +0800] "GET /wordpress/ HTTP/1.1" 200 66690
::1 - - [09/Feb/2018:15:18:44 +0800] "GET /wordpress/wp-admin/post.php?post=75&action=edit HTTP/1.1" 200 127250
::1 - - [09/Feb/2018:15:19:45 +0800] "POST /wordpress/wp-admin/admin-ajax.php HTTP/1.1" 200 117
::1 - - [09/Feb/2018:15:20:20 +0800] "POST /wordpress/wp-admin/post.php HTTP/1.1" 302 -
::1 - - [09/Feb/2018:15:20:21 +0800] "HEAD /wordpress/wp-content/uploads/2018/02/ballon2-300x300.jpg HTTP/1.1" 200 -
::1 - - [09/Feb/2018:15:20:21 +0800] "POST /wordpress/wp-cron.php?doing_wp_cron=1518160820.9913470745086669921875 HTTP/1.1" 200 -
::1 - - [09/Feb/2018:15:20:20 +0800] "GET /wordpress/wp-admin/post.php?post=75&action=edit&message=1 HTTP/1.1" 200 129864
::1 - - [09/Feb/2018:15:20:22 +0800] "GET /wordpress/wp-admin/admin-ajax.php?action=oembed-cache&post=75 HTTP/1.1" 200 1
::1 - - [09/Feb/2018:15:20:24 +0800] "GET /wordpress/ HTTP/1.1" 200 66758
::1 - - [09/Feb/2018:15:20:24 +0800] "POST /wordpress/wp-admin/admin-ajax.php HTTP/1.1" 200 1
::1 - - [09/Feb/2018:15:20:51 +0800] "GET /wordpress/wp-admin/customize.php?url=http%3A%2F%2Flocalhost%2Fwordpress%2F HTTP/1.1" 200 335331
::1 - - [09/Feb/2018:15:20:52 +0800] "GET /wordpress/?customize_changeset_uuid=402954f4-ad1d-4abb-897b-7cd338b2a634&customize_theme=twentyseventeen&customize_messenger_channel=preview-0 HTTP/1.1" 200 113440
::1 - - [09/Feb/2018:15:20:53 +0800] "POST /wordpress/?customize_changeset_uuid=402954f4-ad1d-4abb-897b-7cd338b2a634&customize_preview_nonce=f4d6147243 HTTP/1.1" 200 1881
::1 - - [09/Feb/2018:15:21:00 +0800] "POST /wordpress/wp-admin/admin-ajax.php HTTP/1.1" 200 1015
::1 - - [09/Feb/2018:15:21:00 +0800] "POST /wordpress/?customize_changeset_uuid=402954f4-ad1d-4abb-897b-7cd338b2a634&customize_autosaved=on&customize_preview_nonce=f4d6147243 HTTP/1.1" 200 633
::1 - - [09/Feb/2018:15:21:01 +0800] "POST /wordpress/wp-admin/admin-ajax.php HTTP/1.1" 200 1027
::1 - - [09/Feb/2018:15:21:01 +0800] "POST /wordpress/?customize_changeset_uuid=402954f4-ad1d-4abb-897b-7cd338b2a634&customize_autosaved=on&customize_preview_nonce=f4d6147243 HTTP/1.1" 200 637
::1 - - [09/Feb/2018:15:21:05 +0800] "POST /wordpress/wp-admin/admin-ajax.php HTTP/1.1" 200 1035
::1 - - [09/Feb/2018:15:21:05 +0800] "POST /wordpress/wp-admin/admin-ajax.php HTTP/1.1" 200 1037
::1 - - [09/Feb/2018:15:21:05 +0800] "POST /wordpress/?customize_changeset_uuid=402954f4-ad1d-4abb-897b-7cd338b2a634&customize_autosaved=on&customize_preview_nonce=f4d6147243 HTTP/1.1" 200 640
::1 - - [09/Feb/2018:15:21:06 +0800] "POST /wordpress/wp-admin/admin-ajax.php HTTP/1.1" 200 1053
::1 - - [09/Feb/2018:15:21:06 +0800] "POST /wordpress/?customize_changeset_uuid=402954f4-ad1d-4abb-897b-7cd338b2a634&customize_autosaved=on&customize_preview_nonce=f4d6147243 HTTP/1.1" 200 644
::1 - - [09/Feb/2018:15:21:07 +0800] "POST /wordpress/wp-admin/admin-ajax.php HTTP/1.1" 200 1055
::1 - - [09/Feb/2018:15:21:08 +0800] "POST /wordpress/?customize_changeset_uuid=402954f4-ad1d-4abb-897b-7cd338b2a634&customize_autosaved=on&customize_preview_nonce=f4d6147243 HTTP/1.1" 200 645
::1 - - [09/Feb/2018:15:21:08 +0800] "POST /wordpress/wp-admin/admin-ajax.php HTTP/1.1" 200 1071
::1 - - [09/Feb/2018:15:21:08 +0800] "POST /wordpress/?customize_changeset_uuid=402954f4-ad1d-4abb-897b-7cd338b2a634&customize_autosaved=on&customize_preview_nonce=f4d6147243 HTTP/1.1" 200 649
::1 - - [09/Feb/2018:15:21:16 +0800] "POST /wordpress/wp-admin/admin-ajax.php HTTP/1.1" 200 878
::1 - - [09/Feb/2018:15:21:17 +0800] "POST /wordpress/?customize_changeset_uuid=402954f4-ad1d-4abb-897b-7cd338b2a634&customize_autosaved=on&customize_preview_nonce=f4d6147243 HTTP/1.1" 200 568
::1 - - [09/Feb/2018:15:21:19 +0800] "POST /wordpress/wp-admin/admin-ajax.php HTTP/1.1" 200 884
::1 - - [09/Feb/2018:15:21:20 +0800] "POST /wordpress/?customize_changeset_uuid=402954f4-ad1d-4abb-897b-7cd338b2a634&customize_autosaved=on&customize_preview_nonce=f4d6147243 HTTP/1.1" 200 570
::1 - - [09/Feb/2018:15:21:20 +0800] "POST /wordpress/wp-admin/admin-ajax.php HTTP/1.1" 200 904
::1 - - [09/Feb/2018:15:21:21 +0800] "POST /wordpress/?customize_changeset_uuid=402954f4-ad1d-4abb-897b-7cd338b2a634&customize_autosaved=on&customize_preview_nonce=f4d6147243 HTTP/1.1" 200 578
::1 - - [09/Feb/2018:15:21:21 +0800] "POST /wordpress/wp-admin/admin-ajax.php HTTP/1.1" 200 912
::1 - - [09/Feb/2018:15:21:22 +0800] "POST /wordpress/?customize_changeset_uuid=402954f4-ad1d-4abb-897b-7cd338b2a634&customize_autosaved=on&customize_preview_nonce=f4d6147243 HTTP/1.1" 200 582
::1 - - [09/Feb/2018:15:21:52 +0800] "POST /wordpress/wp-admin/admin-ajax.php HTTP/1.1" 200 47
::1 - - [09/Feb/2018:15:22:00 +0800] "POST /wordpress/wp-admin/admin-ajax.php HTTP/1.1" 200 119
::1 - - [09/Feb/2018:15:22:50 +0800] "POST /wordpress/wp-admin/admin-ajax.php HTTP/1.1" 200 876
::1 - - [09/Feb/2018:15:22:50 +0800] "POST /wordpress/?customize_changeset_uuid=402954f4-ad1d-4abb-897b-7cd338b2a634&customize_autosaved=on&customize_preview_nonce=f4d6147243 HTTP/1.1" 200 566
::1 - - [09/Feb/2018:15:22:51 +0800] "POST /wordpress/wp-admin/admin-ajax.php HTTP/1.1" 200 891
::1 - - [09/Feb/2018:15:22:51 +0800] "POST /wordpress/?customize_changeset_uuid=402954f4-ad1d-4abb-897b-7cd338b2a634&customize_autosaved=on&customize_preview_nonce=f4d6147243 HTTP/1.1" 200 573
::1 - - [09/Feb/2018:15:22:52 +0800] "POST /wordpress/wp-admin/admin-ajax.php HTTP/1.1" 200 47
::1 - - [09/Feb/2018:15:22:52 +0800] "POST /wordpress/wp-admin/admin-ajax.php HTTP/1.1" 200 898
::1 - - [09/Feb/2018:15:22:53 +0800] "POST /wordpress/?customize_changeset_uuid=402954f4-ad1d-4abb-897b-7cd338b2a634&customize_autosaved=on&customize_preview_nonce=f4d6147243 HTTP/1.1" 200 576
::1 - - [09/Feb/2018:15:22:54 +0800] "POST /wordpress/wp-admin/admin-ajax.php HTTP/1.1" 200 898
::1 - - [09/Feb/2018:15:22:54 +0800] "POST /wordpress/?customize_changeset_uuid=402954f4-ad1d-4abb-897b-7cd338b2a634&customize_autosaved=on&customize_preview_nonce=f4d6147243 HTTP/1.1" 200 576
::1 - - [09/Feb/2018:15:23:00 +0800] "POST /wordpress/wp-admin/admin-ajax.php HTTP/1.1" 200 119
::1 - - [09/Feb/2018:15:23:02 +0800] "POST /wordpress/wp-admin/admin-ajax.php HTTP/1.1" 200 911
::1 - - [09/Feb/2018:15:23:02 +0800] "POST /wordpress/?customize_changeset_uuid=402954f4-ad1d-4abb-897b-7cd338b2a634&customize_autosaved=on&customize_preview_nonce=f4d6147243 HTTP/1.1" 200 581
::1 - - [09/Feb/2018:15:23:03 +0800] "POST /wordpress/wp-admin/admin-ajax.php HTTP/1.1" 200 924
::1 - - [09/Feb/2018:15:23:03 +0800] "POST /wordpress/?customize_changeset_uuid=402954f4-ad1d-4abb-897b-7cd338b2a634&customize_autosaved=on&customize_preview_nonce=f4d6147243 HTTP/1.1" 200 586
::1 - - [09/Feb/2018:15:23:04 +0800] "POST /wordpress/wp-admin/admin-ajax.php HTTP/1.1" 200 932
::1 - - [09/Feb/2018:15:23:04 +0800] "POST /wordpress/?customize_changeset_uuid=402954f4-ad1d-4abb-897b-7cd338b2a634&customize_autosaved=on&customize_preview_nonce=f4d6147243 HTTP/1.1" 200 590
::1 - - [09/Feb/2018:15:23:05 +0800] "POST /wordpress/wp-admin/admin-ajax.php HTTP/1.1" 200 946
::1 - - [09/Feb/2018:15:23:06 +0800] "POST /wordpress/?customize_changeset_uuid=402954f4-ad1d-4abb-897b-7cd338b2a634&customize_autosaved=on&customize_preview_nonce=f4d6147243 HTTP/1.1" 200 596
::1 - - [09/Feb/2018:15:23:08 +0800] "POST /wordpress/wp-admin/admin-ajax.php HTTP/1.1" 200 946
::1 - - [09/Feb/2018:15:23:09 +0800] "POST /wordpress/?customize_changeset_uuid=402954f4-ad1d-4abb-897b-7cd338b2a634&customize_autosaved=on&customize_preview_nonce=f4d6147243 HTTP/1.1" 200 596
::1 - - [09/Feb/2018:15:23:10 +0800] "POST /wordpress/wp-admin/admin-ajax.php HTTP/1.1" 200 953
::1 - - [09/Feb/2018:15:23:10 +0800] "POST /wordpress/?customize_changeset_uuid=402954f4-ad1d-4abb-897b-7cd338b2a634&customize_autosaved=on&customize_preview_nonce=f4d6147243 HTTP/1.1" 200 599
::1 - - [09/Feb/2018:15:23:11 +0800] "POST /wordpress/wp-admin/admin-ajax.php HTTP/1.1" 200 967
::1 - - [09/Feb/2018:15:23:11 +0800] "POST /wordpress/?customize_changeset_uuid=402954f4-ad1d-4abb-897b-7cd338b2a634&customize_autosaved=on&customize_preview_nonce=f4d6147243 HTTP/1.1" 200 605
::1 - - [09/Feb/2018:15:23:22 +0800] "POST /wordpress/wp-admin/admin-ajax.php HTTP/1.1" 200 160
::1 - - [09/Feb/2018:15:23:48 +0800] "POST /wordpress/wp-admin/admin-ajax.php HTTP/1.1" 404 50
::1 - - [09/Feb/2018:15:23:49 +0800] "GET /wordpress/ HTTP/1.1" 200 66761
::1 - - [09/Feb/2018:15:23:58 +0800] "GET /wordpress/wp-admin/ HTTP/1.1" 200 44583
::1 - - [09/Feb/2018:15:24:04 +0800] "GET /wordpress/wp-admin/post-new.php HTTP/1.1" 200 124217
::1 - - [09/Feb/2018:15:24:07 +0800] "POST /wordpress/wp-admin/admin-ajax.php HTTP/1.1" 200 16406
::1 - - [09/Feb/2018:15:24:07 +0800] "GET /wordpress/wp-content/uploads/2018/02/coffee-3-300x180.jpg HTTP/1.1" 304 -
::1 - - [09/Feb/2018:15:24:07 +0800] "GET /wordpress/wp-content/uploads/2018/02/cropped-scarf-225x300.jpg HTTP/1.1" 200 12638
::1 - - [09/Feb/2018:15:24:07 +0800] "GET /wordpress/wp-content/uploads/2018/02/sandwich-3-300x180.jpg HTTP/1.1" 304 -
::1 - - [09/Feb/2018:15:24:07 +0800] "GET /wordpress/wp-content/uploads/2018/02/cropped-logo-1-300x300.jpg HTTP/1.1" 304 -
::1 - - [09/Feb/2018:15:24:07 +0800] "GET /wordpress/wp-content/uploads/2018/02/espresso-3-300x180.jpg HTTP/1.1" 304 -
::1 - - [09/Feb/2018:15:24:07 +0800] "GET /wordpress/wp-content/uploads/2018/02/cropped-balloon3-225x300.jpg HTTP/1.1" 304 -
::1 - - [09/Feb/2018:15:24:07 +0800] "GET /wordpress/wp-content/uploads/2018/02/cropped-logo-150x150.jpg HTTP/1.1" 304 -
::1 - - [09/Feb/2018:15:24:07 +0800] "GET /wordpress/wp-content/uploads/2018/02/logo-300x300.jpg HTTP/1.1" 304 -
::1 - - [09/Feb/2018:15:24:07 +0800] "GET /wordpress/wp-content/uploads/2018/02/balloon3-225x300.jpg HTTP/1.1" 304 -
::1 - - [09/Feb/2018:15:24:07 +0800] "POST /wordpress/wp-admin/admin-ajax.php HTTP/1.1" 200 16406
::1 - - [09/Feb/2018:15:25:05 +0800] "POST /wordpress/wp-admin/admin-ajax.php HTTP/1.1" 200 47
::1 - - [09/Feb/2018:15:26:05 +0800] "POST /wordpress/wp-admin/admin-ajax.php HTTP/1.1" 200 47
::1 - - [09/Feb/2018:15:27:05 +0800] "POST /wordpress/wp-admin/admin-ajax.php HTTP/1.1" 200 47
::1 - - [09/Feb/2018:15:27:05 +0800] "POST /wordpress/wp-cron.php?doing_wp_cron=1518161225.7626240253448486328125 HTTP/1.1" 200 -
