2018-02-02 15:08:04 5096 [Note] Plugin 'FEDERATED' is disabled.
2018-02-02 15:08:04 5096 [Note] InnoDB: The InnoDB memory heap is disabled
2018-02-02 15:08:04 5096 [Note] InnoDB: Mutexes and rw_locks use Windows interlocked functions
2018-02-02 15:08:04 5096 [Note] InnoDB: Compressed tables use zlib 1.2.3
2018-02-02 15:08:04 5096 [Note] InnoDB: Not using CPU crc32 instructions
2018-02-02 15:08:04 5096 [Note] InnoDB: Initializing buffer pool, size = 128.0M
2018-02-02 15:08:04 5096 [Note] InnoDB: Completed initialization of buffer pool
2018-02-02 15:08:04 5096 [Note] InnoDB: Setting log file C:\Users\ITE152A-34\Desktop\mysql\data\ib_logfile101 size to 5 MB
2018-02-02 15:08:04 5096 [Note] InnoDB: Setting log file C:\Users\ITE152A-34\Desktop\mysql\data\ib_logfile1 size to 5 MB
2018-02-02 15:08:05 5096 [Note] InnoDB: Renaming log file C:\Users\ITE152A-34\Desktop\mysql\data\ib_logfile101 to C:\Users\ITE152A-34\Desktop\mysql\data\ib_logfile0
2018-02-02 15:08:05 5096 [Warning] InnoDB: New log files created, LSN=1626134
2018-02-02 15:08:05 5096 [Note] InnoDB: Highest supported file format is Barracuda.
2018-02-02 15:08:05 5096 [Note] InnoDB: 128 rollback segment(s) are active.
2018-02-02 15:08:05 5096 [Note] InnoDB: Waiting for purge to start
2018-02-02 15:08:05 5096 [Note] InnoDB: 5.6.13 started; log sequence number 1626636
2018-02-02 15:08:05 5096 [Warning] No existing UUID has been found, so we assume that this is the first time that this server has been started. Generating a new UUID: d09dd073-07e7-11e8-9113-60a44c60af46.
2018-02-02 15:08:05 5096 [Note] Server hostname (bind-address): '*'; port: 3307
2018-02-02 15:08:05 5096 [Note] IPv6 is available.
2018-02-02 15:08:05 5096 [Note]   - '::' resolves to '::';
2018-02-02 15:08:05 5096 [Note] Server socket created on IP: '::'.
2018-02-02 15:08:37 5596 [Note] Plugin 'FEDERATED' is disabled.
2018-02-02 15:08:37 5596 [Note] InnoDB: The InnoDB memory heap is disabled
2018-02-02 15:08:37 5596 [Note] InnoDB: Mutexes and rw_locks use Windows interlocked functions
2018-02-02 15:08:37 5596 [Note] InnoDB: Compressed tables use zlib 1.2.3
2018-02-02 15:08:37 5596 [Note] InnoDB: Not using CPU crc32 instructions
2018-02-02 15:08:37 5596 [Note] InnoDB: Initializing buffer pool, size = 128.0M
2018-02-02 15:08:37 5596 [Note] InnoDB: Completed initialization of buffer pool
2018-02-02 15:08:37 5596 [Note] InnoDB: Highest supported file format is Barracuda.
2018-02-02 15:08:37 5596 [Note] InnoDB: The log sequence numbers 1626134 and 1626134 in ibdata files do not match the log sequence number 1626646 in the ib_logfiles!
2018-02-02 15:08:37 5596 [Note] InnoDB: Database was not shutdown normally!
2018-02-02 15:08:37 5596 [Note] InnoDB: Starting crash recovery.
2018-02-02 15:08:37 5596 [Note] InnoDB: Reading tablespace information from the .ibd files...
2018-02-02 15:08:37 5596 [Note] InnoDB: Restoring possible half-written data pages 
2018-02-02 15:08:37 5596 [Note] InnoDB: from the doublewrite buffer...
2018-02-02 15:08:37 5596 [Note] InnoDB: 128 rollback segment(s) are active.
2018-02-02 15:08:37 5596 [Note] InnoDB: Waiting for purge to start
2018-02-02 15:08:37 5596 [Note] InnoDB: 5.6.13 started; log sequence number 1626646
2018-02-02 15:08:37 5596 [Note] Server hostname (bind-address): '*'; port: 3306
2018-02-02 15:08:37 5596 [Note] IPv6 is available.
2018-02-02 15:08:37 5596 [Note]   - '::' resolves to '::';
2018-02-02 15:08:37 5596 [Note] Server socket created on IP: '::'.
2018-02-02 15:12:00 4088 [Note] Plugin 'FEDERATED' is disabled.
2018-02-02 15:12:00 4088 [Note] InnoDB: The InnoDB memory heap is disabled
2018-02-02 15:12:00 4088 [Note] InnoDB: Mutexes and rw_locks use Windows interlocked functions
2018-02-02 15:12:00 4088 [Note] InnoDB: Compressed tables use zlib 1.2.3
2018-02-02 15:12:00 4088 [Note] InnoDB: Not using CPU crc32 instructions
2018-02-02 15:12:00 4088 [Note] InnoDB: Initializing buffer pool, size = 128.0M
2018-02-02 15:12:00 4088 [Note] InnoDB: Completed initialization of buffer pool
2018-02-02 15:12:00 4088 [Note] InnoDB: Highest supported file format is Barracuda.
2018-02-02 15:12:00 4088 [Note] InnoDB: The log sequence numbers 1626134 and 1626134 in ibdata files do not match the log sequence number 1626656 in the ib_logfiles!
2018-02-02 15:12:00 4088 [Note] InnoDB: Database was not shutdown normally!
2018-02-02 15:12:00 4088 [Note] InnoDB: Starting crash recovery.
2018-02-02 15:12:00 4088 [Note] InnoDB: Reading tablespace information from the .ibd files...
2018-02-02 15:12:00 4088 [Note] InnoDB: Restoring possible half-written data pages 
2018-02-02 15:12:00 4088 [Note] InnoDB: from the doublewrite buffer...
2018-02-02 15:12:01 4088 [Note] InnoDB: 128 rollback segment(s) are active.
2018-02-02 15:12:01 4088 [Note] InnoDB: Waiting for purge to start
2018-02-02 15:12:01 4088 [Note] InnoDB: 5.6.13 started; log sequence number 1626656
2018-02-02 15:12:01 4088 [Note] Server hostname (bind-address): '*'; port: 3306
2018-02-02 15:12:01 4088 [Note] IPv6 is available.
2018-02-02 15:12:01 4088 [Note]   - '::' resolves to '::';
2018-02-02 15:12:01 4088 [Note] Server socket created on IP: '::'.
2018-02-02 15:14:13 580 [Note] Plugin 'FEDERATED' is disabled.
2018-02-02 15:14:13 580 [Note] InnoDB: The InnoDB memory heap is disabled
2018-02-02 15:14:13 580 [Note] InnoDB: Mutexes and rw_locks use Windows interlocked functions
2018-02-02 15:14:13 580 [Note] InnoDB: Compressed tables use zlib 1.2.3
2018-02-02 15:14:13 580 [Note] InnoDB: Not using CPU crc32 instructions
2018-02-02 15:14:13 580 [Note] InnoDB: Initializing buffer pool, size = 128.0M
2018-02-02 15:14:13 580 [Note] InnoDB: Completed initialization of buffer pool
2018-02-02 15:14:13 580 [Note] InnoDB: Highest supported file format is Barracuda.
2018-02-02 15:14:13 580 [Note] InnoDB: The log sequence numbers 1626134 and 1626134 in ibdata files do not match the log sequence number 1626666 in the ib_logfiles!
2018-02-02 15:14:13 580 [Note] InnoDB: Database was not shutdown normally!
2018-02-02 15:14:13 580 [Note] InnoDB: Starting crash recovery.
2018-02-02 15:14:13 580 [Note] InnoDB: Reading tablespace information from the .ibd files...
2018-02-02 15:14:13 580 [Note] InnoDB: Restoring possible half-written data pages 
2018-02-02 15:14:13 580 [Note] InnoDB: from the doublewrite buffer...
2018-02-02 15:14:13 580 [Note] InnoDB: 128 rollback segment(s) are active.
2018-02-02 15:14:13 580 [Note] InnoDB: Waiting for purge to start
2018-02-02 15:14:13 580 [Note] InnoDB: 5.6.13 started; log sequence number 1626666
2018-02-02 15:14:13 580 [Note] Server hostname (bind-address): '*'; port: 3306
2018-02-02 15:14:13 580 [Note] IPv6 is available.
2018-02-02 15:14:13 580 [Note]   - '::' resolves to '::';
2018-02-02 15:14:13 580 [Note] Server socket created on IP: '::'.
2018-02-02 15:14:23 2968 [Note] Plugin 'FEDERATED' is disabled.
2018-02-02 15:14:23 2968 [Note] InnoDB: The InnoDB memory heap is disabled
2018-02-02 15:14:23 2968 [Note] InnoDB: Mutexes and rw_locks use Windows interlocked functions
2018-02-02 15:14:23 2968 [Note] InnoDB: Compressed tables use zlib 1.2.3
2018-02-02 15:14:23 2968 [Note] InnoDB: Not using CPU crc32 instructions
2018-02-02 15:14:23 2968 [Note] InnoDB: Initializing buffer pool, size = 128.0M
2018-02-02 15:14:23 2968 [Note] InnoDB: Completed initialization of buffer pool
2018-02-02 15:14:23 2968 [Note] InnoDB: Highest supported file format is Barracuda.
2018-02-02 15:14:23 2968 [Note] InnoDB: The log sequence numbers 1626134 and 1626134 in ibdata files do not match the log sequence number 1626676 in the ib_logfiles!
2018-02-02 15:14:23 2968 [Note] InnoDB: Database was not shutdown normally!
2018-02-02 15:14:23 2968 [Note] InnoDB: Starting crash recovery.
2018-02-02 15:14:23 2968 [Note] InnoDB: Reading tablespace information from the .ibd files...
2018-02-02 15:14:23 2968 [Note] InnoDB: Restoring possible half-written data pages 
2018-02-02 15:14:23 2968 [Note] InnoDB: from the doublewrite buffer...
2018-02-02 15:14:24 2968 [Note] InnoDB: 128 rollback segment(s) are active.
2018-02-02 15:14:24 2968 [Note] InnoDB: Waiting for purge to start
2018-02-02 15:14:24 2968 [Note] InnoDB: 5.6.13 started; log sequence number 1626676
2018-02-02 15:14:24 2968 [Note] Server hostname (bind-address): '*'; port: 3306
2018-02-02 15:14:24 2968 [Note] IPv6 is available.
2018-02-02 15:14:24 2968 [Note]   - '::' resolves to '::';
2018-02-02 15:14:24 2968 [Note] Server socket created on IP: '::'.
2018-02-02 15:19:10 5532 [Note] Plugin 'FEDERATED' is disabled.
2018-02-02 15:19:10 5532 [Note] InnoDB: The InnoDB memory heap is disabled
2018-02-02 15:19:10 5532 [Note] InnoDB: Mutexes and rw_locks use Windows interlocked functions
2018-02-02 15:19:10 5532 [Note] InnoDB: Compressed tables use zlib 1.2.3
2018-02-02 15:19:10 5532 [Note] InnoDB: Not using CPU crc32 instructions
2018-02-02 15:19:10 5532 [Note] InnoDB: Initializing buffer pool, size = 128.0M
2018-02-02 15:19:10 5532 [Note] InnoDB: Completed initialization of buffer pool
2018-02-02 15:19:10 5532 [Note] InnoDB: Highest supported file format is Barracuda.
2018-02-02 15:19:10 5532 [Note] InnoDB: The log sequence numbers 1626134 and 1626134 in ibdata files do not match the log sequence number 1626686 in the ib_logfiles!
2018-02-02 15:19:10 5532 [Note] InnoDB: Database was not shutdown normally!
2018-02-02 15:19:10 5532 [Note] InnoDB: Starting crash recovery.
2018-02-02 15:19:10 5532 [Note] InnoDB: Reading tablespace information from the .ibd files...
2018-02-02 15:19:10 5532 [Note] InnoDB: Restoring possible half-written data pages 
2018-02-02 15:19:10 5532 [Note] InnoDB: from the doublewrite buffer...
2018-02-02 15:19:10 5532 [Note] InnoDB: 128 rollback segment(s) are active.
2018-02-02 15:19:10 5532 [Note] InnoDB: Waiting for purge to start
2018-02-02 15:19:11 5532 [Note] InnoDB: 5.6.13 started; log sequence number 1626686
2018-02-02 15:19:11 5532 [Note] Server hostname (bind-address): '*'; port: 3306
2018-02-02 15:19:11 5532 [Note] IPv6 is available.
2018-02-02 15:19:11 5532 [Note]   - '::' resolves to '::';
2018-02-02 15:19:11 5532 [Note] Server socket created on IP: '::'.
2018-02-02 15:21:49 3956 [Note] Plugin 'FEDERATED' is disabled.
2018-02-02 15:21:49 3956 [Note] InnoDB: The InnoDB memory heap is disabled
2018-02-02 15:21:49 3956 [Note] InnoDB: Mutexes and rw_locks use Windows interlocked functions
2018-02-02 15:21:49 3956 [Note] InnoDB: Compressed tables use zlib 1.2.3
2018-02-02 15:21:49 3956 [Note] InnoDB: Not using CPU crc32 instructions
2018-02-02 15:21:49 3956 [Note] InnoDB: Initializing buffer pool, size = 128.0M
2018-02-02 15:21:49 3956 [Note] InnoDB: Completed initialization of buffer pool
2018-02-02 15:21:49 3956 [Note] InnoDB: Highest supported file format is Barracuda.
2018-02-02 15:21:49 3956 [Note] InnoDB: The log sequence numbers 1626134 and 1626134 in ibdata files do not match the log sequence number 1626696 in the ib_logfiles!
2018-02-02 15:21:49 3956 [Note] InnoDB: Database was not shutdown normally!
2018-02-02 15:21:49 3956 [Note] InnoDB: Starting crash recovery.
2018-02-02 15:21:49 3956 [Note] InnoDB: Reading tablespace information from the .ibd files...
2018-02-02 15:21:49 3956 [Note] InnoDB: Restoring possible half-written data pages 
2018-02-02 15:21:49 3956 [Note] InnoDB: from the doublewrite buffer...
2018-02-02 15:21:49 3956 [Note] InnoDB: 128 rollback segment(s) are active.
2018-02-02 15:21:49 3956 [Note] InnoDB: Waiting for purge to start
2018-02-02 15:21:50 3956 [Note] InnoDB: 5.6.13 started; log sequence number 1626696
2018-02-02 15:21:50 3956 [Note] Server hostname (bind-address): '*'; port: 3306
2018-02-02 15:21:50 3956 [Note] IPv6 is available.
2018-02-02 15:21:50 3956 [Note]   - '::' resolves to '::';
2018-02-02 15:21:50 3956 [Note] Server socket created on IP: '::'.
2018-02-02 15:44:19 5268 [Note] Plugin 'FEDERATED' is disabled.
2018-02-02 15:44:19 5268 [Note] InnoDB: The InnoDB memory heap is disabled
2018-02-02 15:44:19 5268 [Note] InnoDB: Mutexes and rw_locks use Windows interlocked functions
2018-02-02 15:44:19 5268 [Note] InnoDB: Compressed tables use zlib 1.2.3
2018-02-02 15:44:19 5268 [Note] InnoDB: Not using CPU crc32 instructions
2018-02-02 15:44:19 5268 [Note] InnoDB: Initializing buffer pool, size = 128.0M
2018-02-02 15:44:20 5268 [Note] InnoDB: Completed initialization of buffer pool
2018-02-02 15:44:20 5268 [Note] InnoDB: Highest supported file format is Barracuda.
2018-02-02 15:44:20 5268 [Note] InnoDB: The log sequence numbers 1626134 and 1626134 in ibdata files do not match the log sequence number 2959488 in the ib_logfiles!
2018-02-02 15:44:20 5268 [Note] InnoDB: Database was not shutdown normally!
2018-02-02 15:44:20 5268 [Note] InnoDB: Starting crash recovery.
2018-02-02 15:44:20 5268 [Note] InnoDB: Reading tablespace information from the .ibd files...
2018-02-02 15:44:20 5268 [Note] InnoDB: Restoring possible half-written data pages 
2018-02-02 15:44:20 5268 [Note] InnoDB: from the doublewrite buffer...
2018-02-02 15:44:20 5268 [Note] InnoDB: 128 rollback segment(s) are active.
2018-02-02 15:44:20 5268 [Note] InnoDB: Waiting for purge to start
2018-02-02 15:44:20 5268 [Note] InnoDB: 5.6.13 started; log sequence number 2959488
2018-02-02 15:44:20 5268 [Note] Server hostname (bind-address): '*'; port: 3306
2018-02-02 15:44:20 5268 [Note] IPv6 is available.
2018-02-02 15:44:20 5268 [Note]   - '::' resolves to '::';
2018-02-02 15:44:20 5268 [Note] Server socket created on IP: '::'.
2018-02-05 15:03:17 8716 [Note] Plugin 'FEDERATED' is disabled.
2018-02-05 15:03:18 8716 [Note] InnoDB: The InnoDB memory heap is disabled
2018-02-05 15:03:18 8716 [Note] InnoDB: Mutexes and rw_locks use Windows interlocked functions
2018-02-05 15:03:18 8716 [Note] InnoDB: Compressed tables use zlib 1.2.3
2018-02-05 15:03:18 8716 [Note] InnoDB: Not using CPU crc32 instructions
2018-02-05 15:03:18 8716 [Note] InnoDB: Initializing buffer pool, size = 128.0M
2018-02-05 15:03:18 8716 [Note] InnoDB: Completed initialization of buffer pool
2018-02-05 15:03:18 8716 [Note] InnoDB: Highest supported file format is Barracuda.
2018-02-05 15:03:18 8716 [Note] InnoDB: The log sequence numbers 1626134 and 1626134 in ibdata files do not match the log sequence number 3302273 in the ib_logfiles!
2018-02-05 15:03:18 8716 [Note] InnoDB: Database was not shutdown normally!
2018-02-05 15:03:18 8716 [Note] InnoDB: Starting crash recovery.
2018-02-05 15:03:18 8716 [Note] InnoDB: Reading tablespace information from the .ibd files...
2018-02-05 15:03:21 8716 [Note] InnoDB: Restoring possible half-written data pages 
2018-02-05 15:03:21 8716 [Note] InnoDB: from the doublewrite buffer...
2018-02-05 15:03:22 8716 [Note] InnoDB: 128 rollback segment(s) are active.
2018-02-05 15:03:22 8716 [Note] InnoDB: Waiting for purge to start
2018-02-05 15:03:22 8716 [Note] InnoDB: 5.6.13 started; log sequence number 3302273
2018-02-05 15:03:22 8716 [Note] Server hostname (bind-address): '*'; port: 3306
2018-02-05 15:03:22 8716 [Note] IPv6 is available.
2018-02-05 15:03:22 8716 [Note]   - '::' resolves to '::';
2018-02-05 15:03:22 8716 [Note] Server socket created on IP: '::'.
2018-02-07 15:33:08 3704 [Note] Plugin 'FEDERATED' is disabled.
2018-02-07 15:33:08 3704 [Note] InnoDB: The InnoDB memory heap is disabled
2018-02-07 15:33:08 3704 [Note] InnoDB: Mutexes and rw_locks use Windows interlocked functions
2018-02-07 15:33:08 3704 [Note] InnoDB: Compressed tables use zlib 1.2.3
2018-02-07 15:33:08 3704 [Note] InnoDB: Not using CPU crc32 instructions
2018-02-07 15:33:08 3704 [Note] InnoDB: Initializing buffer pool, size = 128.0M
2018-02-07 15:33:08 3704 [Note] InnoDB: Completed initialization of buffer pool
2018-02-07 15:33:08 3704 [Note] InnoDB: Highest supported file format is Barracuda.
2018-02-07 15:33:08 3704 [Note] InnoDB: The log sequence numbers 1626134 and 1626134 in ibdata files do not match the log sequence number 4109397 in the ib_logfiles!
2018-02-07 15:33:08 3704 [Note] InnoDB: Database was not shutdown normally!
2018-02-07 15:33:08 3704 [Note] InnoDB: Starting crash recovery.
2018-02-07 15:33:08 3704 [Note] InnoDB: Reading tablespace information from the .ibd files...
2018-02-07 15:33:09 3704 [Note] InnoDB: Restoring possible half-written data pages 
2018-02-07 15:33:09 3704 [Note] InnoDB: from the doublewrite buffer...
2018-02-07 15:33:09 3704 [Note] InnoDB: 128 rollback segment(s) are active.
2018-02-07 15:33:09 3704 [Note] InnoDB: Waiting for purge to start
2018-02-07 15:33:09 3704 [Note] InnoDB: 5.6.13 started; log sequence number 4109397
2018-02-07 15:33:09 3704 [Note] Server hostname (bind-address): '*'; port: 3306
2018-02-07 15:33:09 3704 [Note] IPv6 is available.
2018-02-07 15:33:09 3704 [Note]   - '::' resolves to '::';
2018-02-07 15:33:09 3704 [Note] Server socket created on IP: '::'.
2018-02-07 15:33:09 3704 [ERROR] Can't start server: Bind on TCP/IP port: No such file or directory
2018-02-07 15:33:09 3704 [ERROR] Do you already have another mysqld server running on port: 3306 ?
2018-02-07 15:33:09 3704 [ERROR] Aborting

2018-02-07 15:33:09 3704 [Note] Binlog end
2018-02-07 15:33:09 3704 [Note] Shutting down plugin 'partition'
2018-02-07 15:33:09 3704 [Note] Shutting down plugin 'PERFORMANCE_SCHEMA'
2018-02-07 15:33:09 3704 [Note] Shutting down plugin 'INNODB_SYS_DATAFILES'
2018-02-07 15:33:09 3704 [Note] Shutting down plugin 'INNODB_SYS_TABLESPACES'
2018-02-07 15:33:09 3704 [Note] Shutting down plugin 'INNODB_SYS_FOREIGN_COLS'
2018-02-07 15:33:09 3704 [Note] Shutting down plugin 'INNODB_SYS_FOREIGN'
2018-02-07 15:33:09 3704 [Note] Shutting down plugin 'INNODB_SYS_FIELDS'
2018-02-07 15:33:09 3704 [Note] Shutting down plugin 'INNODB_SYS_COLUMNS'
2018-02-07 15:33:09 3704 [Note] Shutting down plugin 'INNODB_SYS_INDEXES'
2018-02-07 15:33:09 3704 [Note] Shutting down plugin 'INNODB_SYS_TABLESTATS'
2018-02-07 15:33:09 3704 [Note] Shutting down plugin 'INNODB_SYS_TABLES'
2018-02-07 15:33:09 3704 [Note] Shutting down plugin 'INNODB_FT_INDEX_TABLE'
2018-02-07 15:33:09 3704 [Note] Shutting down plugin 'INNODB_FT_INDEX_CACHE'
2018-02-07 15:33:09 3704 [Note] Shutting down plugin 'INNODB_FT_CONFIG'
2018-02-07 15:33:09 3704 [Note] Shutting down plugin 'INNODB_FT_BEING_DELETED'
2018-02-07 15:33:09 3704 [Note] Shutting down plugin 'INNODB_FT_DELETED'
2018-02-07 15:33:09 3704 [Note] Shutting down plugin 'INNODB_FT_DEFAULT_STOPWORD'
2018-02-07 15:33:09 3704 [Note] Shutting down plugin 'INNODB_METRICS'
2018-02-07 15:33:09 3704 [Note] Shutting down plugin 'INNODB_BUFFER_POOL_STATS'
2018-02-07 15:33:09 3704 [Note] Shutting down plugin 'INNODB_BUFFER_PAGE_LRU'
2018-02-07 15:33:09 3704 [Note] Shutting down plugin 'INNODB_BUFFER_PAGE'
2018-02-07 15:33:09 3704 [Note] Shutting down plugin 'INNODB_CMP_PER_INDEX_RESET'
2018-02-07 15:33:09 3704 [Note] Shutting down plugin 'INNODB_CMP_PER_INDEX'
2018-02-07 15:33:09 3704 [Note] Shutting down plugin 'INNODB_CMPMEM_RESET'
2018-02-07 15:33:09 3704 [Note] Shutting down plugin 'INNODB_CMPMEM'
2018-02-07 15:33:09 3704 [Note] Shutting down plugin 'INNODB_CMP_RESET'
2018-02-07 15:33:09 3704 [Note] Shutting down plugin 'INNODB_CMP'
2018-02-07 15:33:09 3704 [Note] Shutting down plugin 'INNODB_LOCK_WAITS'
2018-02-07 15:33:09 3704 [Note] Shutting down plugin 'INNODB_LOCKS'
2018-02-07 15:33:09 3704 [Note] Shutting down plugin 'INNODB_TRX'
2018-02-07 15:33:09 3704 [Note] Shutting down plugin 'InnoDB'
2018-02-07 15:33:09 3704 [Note] InnoDB: FTS optimize thread exiting.
2018-02-07 15:33:09 3704 [Note] InnoDB: Starting shutdown...
2018-02-07 15:33:11 3704 [Note] InnoDB: Shutdown completed; log sequence number 4109407
2018-02-07 15:33:11 3704 [Note] Shutting down plugin 'BLACKHOLE'
2018-02-07 15:33:11 3704 [Note] Shutting down plugin 'ARCHIVE'
2018-02-07 15:33:11 3704 [Note] Shutting down plugin 'MRG_MYISAM'
2018-02-07 15:33:11 3704 [Note] Shutting down plugin 'MyISAM'
2018-02-07 15:33:11 3704 [Note] Shutting down plugin 'MEMORY'
2018-02-07 15:33:11 3704 [Note] Shutting down plugin 'CSV'
2018-02-07 15:33:11 3704 [Note] Shutting down plugin 'sha256_password'
2018-02-07 15:33:11 3704 [Note] Shutting down plugin 'mysql_old_password'
2018-02-07 15:33:11 3704 [Note] Shutting down plugin 'mysql_native_password'
2018-02-07 15:33:11 3704 [Note] Shutting down plugin 'binlog'
2018-02-07 15:33:11 3704 [Note] C:\Users\ITE152A-34\Desktop\USBWebserver/mysql/bin/mysqld_usbwv8.exe: Shutdown complete

2018-02-07 15:33:27 7140 [Note] Plugin 'FEDERATED' is disabled.
2018-02-07 15:33:27 7140 [Note] InnoDB: The InnoDB memory heap is disabled
2018-02-07 15:33:27 7140 [Note] InnoDB: Mutexes and rw_locks use Windows interlocked functions
2018-02-07 15:33:27 7140 [Note] InnoDB: Compressed tables use zlib 1.2.3
2018-02-07 15:33:27 7140 [Note] InnoDB: Not using CPU crc32 instructions
2018-02-07 15:33:27 7140 [Note] InnoDB: Initializing buffer pool, size = 128.0M
2018-02-07 15:33:27 7140 [Note] InnoDB: Completed initialization of buffer pool
2018-02-07 15:33:27 7140 [Note] InnoDB: Highest supported file format is Barracuda.
2018-02-07 15:33:28 7140 [Note] InnoDB: 128 rollback segment(s) are active.
2018-02-07 15:33:28 7140 [Note] InnoDB: Waiting for purge to start
2018-02-07 15:33:28 7140 [Note] InnoDB: 5.6.13 started; log sequence number 4109407
2018-02-07 15:33:28 7140 [Note] Server hostname (bind-address): '*'; port: 3306
2018-02-07 15:33:28 7140 [Note] IPv6 is available.
2018-02-07 15:33:28 7140 [Note]   - '::' resolves to '::';
2018-02-07 15:33:28 7140 [Note] Server socket created on IP: '::'.
2018-02-09 15:05:51 6360 [Note] Plugin 'FEDERATED' is disabled.
2018-02-09 15:05:51 6360 [Note] InnoDB: The InnoDB memory heap is disabled
2018-02-09 15:05:51 6360 [Note] InnoDB: Mutexes and rw_locks use Windows interlocked functions
2018-02-09 15:05:51 6360 [Note] InnoDB: Compressed tables use zlib 1.2.3
2018-02-09 15:05:51 6360 [Note] InnoDB: Not using CPU crc32 instructions
2018-02-09 15:05:51 6360 [Note] InnoDB: Initializing buffer pool, size = 128.0M
2018-02-09 15:05:51 6360 [Note] InnoDB: Completed initialization of buffer pool
2018-02-09 15:05:52 6360 [Note] InnoDB: Highest supported file format is Barracuda.
2018-02-09 15:05:52 6360 [Note] InnoDB: The log sequence numbers 4109407 and 4109407 in ibdata files do not match the log sequence number 4864842 in the ib_logfiles!
2018-02-09 15:05:52 6360 [Note] InnoDB: Database was not shutdown normally!
2018-02-09 15:05:52 6360 [Note] InnoDB: Starting crash recovery.
2018-02-09 15:05:52 6360 [Note] InnoDB: Reading tablespace information from the .ibd files...
2018-02-09 15:05:52 6360 [Note] InnoDB: Restoring possible half-written data pages 
2018-02-09 15:05:52 6360 [Note] InnoDB: from the doublewrite buffer...
2018-02-09 15:05:55 6360 [Note] InnoDB: 128 rollback segment(s) are active.
2018-02-09 15:05:55 6360 [Note] InnoDB: Waiting for purge to start
2018-02-09 15:05:55 6360 [Note] InnoDB: 5.6.13 started; log sequence number 4864842
2018-02-09 15:05:55 6360 [Note] Server hostname (bind-address): '*'; port: 3306
2018-02-09 15:05:55 6360 [Note] IPv6 is available.
2018-02-09 15:05:55 6360 [Note]   - '::' resolves to '::';
2018-02-09 15:05:55 6360 [Note] Server socket created on IP: '::'.
2018-02-09 15:05:56 6360 [Note] Event Scheduler: Loaded 0 events
2018-02-09 15:05:56 6360 [Note] C:\Users\ITE152A-34\Desktop\USBWebserver/mysql/bin/mysqld_usbwv8.exe: ready for connections.
Version: '5.6.13'  socket: ''  port: 3306  MySQL Community Server (GPL)
